<?xml version="1.0" encoding="UTF-8"?>
<!-- Generated by org.testng.reporters.JUnitReportReporter -->
<testsuite hostname="ASDLAPKCH0119" failures="0" tests="1" name="com.page.SauceDemoApplication" time="28.120" errors="0" timestamp="2023-09-29T16:02:05 IST" skipped="0">
  <testcase classname="com.page.SauceDemoApplication" name="runTest" time="28.120"/>
</testsuite> <!-- com.page.SauceDemoApplication -->
